mode: atomic
github.com/HXLOS202653/ycg_cloud/cloud-backend/internal/app/middleware.go:13.48,31.2 5 0
github.com/HXLOS202653/ycg_cloud/cloud-backend/internal/app/middleware.go:34.41,38.75 3 0
github.com/HXLOS202653/ycg_cloud/cloud-backend/internal/app/middleware.go:38.75,50.3 2 0
github.com/HXLOS202653/ycg_cloud/cloud-backend/internal/app/middleware.go:54.39,64.2 2 0
github.com/HXLOS202653/ycg_cloud/cloud-backend/internal/app/middleware.go:67.44,68.30 1 0
github.com/HXLOS202653/ycg_cloud/cloud-backend/internal/app/middleware.go:68.30,71.22 2 0
github.com/HXLOS202653/ycg_cloud/cloud-backend/internal/app/middleware.go:71.22,74.4 1 0
github.com/HXLOS202653/ycg_cloud/cloud-backend/internal/app/middleware.go:77.3,80.11 3 0
github.com/HXLOS202653/ycg_cloud/cloud-backend/internal/app/middleware.go:85.50,86.30 1 0
github.com/HXLOS202653/ycg_cloud/cloud-backend/internal/app/middleware.go:86.30,97.3 6 0
github.com/HXLOS202653/ycg_cloud/cloud-backend/internal/app/middleware.go:102.33,104.2 1 0
github.com/HXLOS202653/ycg_cloud/cloud-backend/internal/app/router.go:12.43,88.2 54 0
github.com/HXLOS202653/ycg_cloud/cloud-backend/internal/app/router.go:91.49,98.2 1 0
github.com/HXLOS202653/ycg_cloud/cloud-backend/internal/app/router.go:101.62,102.30 1 0
github.com/HXLOS202653/ycg_cloud/cloud-backend/internal/app/router.go:102.30,108.3 1 0
github.com/HXLOS202653/ycg_cloud/cloud-backend/internal/app/server.go:18.53,21.16 2 0
github.com/HXLOS202653/ycg_cloud/cloud-backend/internal/app/server.go:21.16,23.3 1 0
github.com/HXLOS202653/ycg_cloud/cloud-backend/internal/app/server.go:26.2,26.48 1 0
github.com/HXLOS202653/ycg_cloud/cloud-backend/internal/app/server.go:26.48,28.3 1 0
github.com/HXLOS202653/ycg_cloud/cloud-backend/internal/app/server.go:31.2,39.20 3 0
github.com/HXLOS202653/ycg_cloud/cloud-backend/internal/app/server.go:43.32,45.46 1 0
github.com/HXLOS202653/ycg_cloud/cloud-backend/internal/app/server.go:45.46,47.3 1 0
github.com/HXLOS202653/ycg_cloud/cloud-backend/internal/app/server.go:47.8,49.3 1 0
github.com/HXLOS202653/ycg_cloud/cloud-backend/internal/app/server.go:52.2,60.14 4 0
github.com/HXLOS202653/ycg_cloud/cloud-backend/internal/app/server.go:64.32,65.17 1 0
github.com/HXLOS202653/ycg_cloud/cloud-backend/internal/app/server.go:65.17,67.3 1 0
github.com/HXLOS202653/ycg_cloud/cloud-backend/internal/app/server.go:68.2,68.12 1 0
github.com/HXLOS202653/ycg_cloud/cloud-backend/internal/config/database.go:77.48,127.2 1 0
github.com/HXLOS202653/ycg_cloud/cloud-backend/internal/config/loader.go:79.36,91.15 8 5
github.com/HXLOS202653/ycg_cloud/cloud-backend/internal/config/loader.go:91.15,93.3 1 0
github.com/HXLOS202653/ycg_cloud/cloud-backend/internal/config/loader.go:95.2,95.13 1 5
github.com/HXLOS202653/ycg_cloud/cloud-backend/internal/config/loader.go:96.20,97.32 1 0
github.com/HXLOS202653/ycg_cloud/cloud-backend/internal/config/loader.go:98.17,99.29 1 0
github.com/HXLOS202653/ycg_cloud/cloud-backend/internal/config/loader.go:100.17,101.29 1 0
github.com/HXLOS202653/ycg_cloud/cloud-backend/internal/config/loader.go:102.10,103.33 1 5
github.com/HXLOS202653/ycg_cloud/cloud-backend/internal/config/loader.go:107.2,114.41 4 5
github.com/HXLOS202653/ycg_cloud/cloud-backend/internal/config/loader.go:114.41,117.48 2 5
github.com/HXLOS202653/ycg_cloud/cloud-backend/internal/config/loader.go:117.48,119.4 1 0
github.com/HXLOS202653/ycg_cloud/cloud-backend/internal/config/loader.go:123.2,124.45 2 5
github.com/HXLOS202653/ycg_cloud/cloud-backend/internal/config/loader.go:124.45,126.3 1 0
github.com/HXLOS202653/ycg_cloud/cloud-backend/internal/config/loader.go:129.2,129.48 1 5
github.com/HXLOS202653/ycg_cloud/cloud-backend/internal/config/loader.go:129.48,131.3 1 0
github.com/HXLOS202653/ycg_cloud/cloud-backend/internal/config/loader.go:133.2,133.21 1 5
github.com/HXLOS202653/ycg_cloud/cloud-backend/internal/config/loader.go:137.39,215.2 60 5
github.com/HXLOS202653/ycg_cloud/cloud-backend/internal/config/loader.go:218.43,220.27 1 5
github.com/HXLOS202653/ycg_cloud/cloud-backend/internal/config/loader.go:220.27,222.3 1 0
github.com/HXLOS202653/ycg_cloud/cloud-backend/internal/config/loader.go:224.2,224.38 1 5
github.com/HXLOS202653/ycg_cloud/cloud-backend/internal/config/loader.go:224.38,226.3 1 0
github.com/HXLOS202653/ycg_cloud/cloud-backend/internal/config/loader.go:228.2,228.39 1 5
github.com/HXLOS202653/ycg_cloud/cloud-backend/internal/config/loader.go:228.39,230.3 1 0
github.com/HXLOS202653/ycg_cloud/cloud-backend/internal/config/loader.go:232.2,232.38 1 5
github.com/HXLOS202653/ycg_cloud/cloud-backend/internal/config/loader.go:232.38,234.3 1 0
github.com/HXLOS202653/ycg_cloud/cloud-backend/internal/config/loader.go:236.2,236.100 1 5
github.com/HXLOS202653/ycg_cloud/cloud-backend/internal/config/loader.go:236.100,237.45 1 5
github.com/HXLOS202653/ycg_cloud/cloud-backend/internal/config/loader.go:237.45,239.4 1 0
github.com/HXLOS202653/ycg_cloud/cloud-backend/internal/config/loader.go:245.2,245.12 1 5
github.com/HXLOS202653/ycg_cloud/cloud-backend/internal/config/loader.go:249.53,251.2 1 0
github.com/HXLOS202653/ycg_cloud/cloud-backend/internal/testutil/config.go:11.34,89.2 1 0
github.com/HXLOS202653/ycg_cloud/cloud-backend/internal/testutil/setup.go:104.38,180.2 1 0
github.com/HXLOS202653/ycg_cloud/cloud-backend/internal/testutil/setup.go:183.29,186.2 2 0
github.com/HXLOS202653/ycg_cloud/cloud-backend/internal/testutil/setup.go:189.31,192.2 2 0
github.com/HXLOS202653/ycg_cloud/cloud-backend/internal/testutil/setup.go:195.32,196.21 1 0
github.com/HXLOS202653/ycg_cloud/cloud-backend/internal/testutil/setup.go:196.21,198.3 1 0
github.com/HXLOS202653/ycg_cloud/cloud-backend/internal/testutil/setup.go:202.40,207.2 1 0
github.com/HXLOS202653/ycg_cloud/cloud-backend/internal/pkg/database/manager.go:22.63,28.16 4 0
github.com/HXLOS202653/ycg_cloud/cloud-backend/internal/pkg/database/manager.go:28.16,30.3 1 0
github.com/HXLOS202653/ycg_cloud/cloud-backend/internal/pkg/database/manager.go:33.2,35.16 3 0
github.com/HXLOS202653/ycg_cloud/cloud-backend/internal/pkg/database/manager.go:35.16,39.3 2 0
github.com/HXLOS202653/ycg_cloud/cloud-backend/internal/pkg/database/manager.go:42.2,44.16 3 0
github.com/HXLOS202653/ycg_cloud/cloud-backend/internal/pkg/database/manager.go:44.16,49.3 3 0
github.com/HXLOS202653/ycg_cloud/cloud-backend/internal/pkg/database/manager.go:51.2,59.21 3 0
github.com/HXLOS202653/ycg_cloud/cloud-backend/internal/pkg/database/manager.go:63.42,65.2 1 0
github.com/HXLOS202653/ycg_cloud/cloud-backend/internal/pkg/database/manager.go:68.55,70.2 1 0
github.com/HXLOS202653/ycg_cloud/cloud-backend/internal/pkg/database/manager.go:73.51,75.2 1 0
github.com/HXLOS202653/ycg_cloud/cloud-backend/internal/pkg/database/manager.go:78.34,84.21 3 1
github.com/HXLOS202653/ycg_cloud/cloud-backend/internal/pkg/database/manager.go:84.21,85.42 1 0
github.com/HXLOS202653/ycg_cloud/cloud-backend/internal/pkg/database/manager.go:85.42,87.4 1 0
github.com/HXLOS202653/ycg_cloud/cloud-backend/internal/pkg/database/manager.go:91.2,91.23 1 1
github.com/HXLOS202653/ycg_cloud/cloud-backend/internal/pkg/database/manager.go:91.23,92.44 1 0
github.com/HXLOS202653/ycg_cloud/cloud-backend/internal/pkg/database/manager.go:92.44,94.4 1 0
github.com/HXLOS202653/ycg_cloud/cloud-backend/internal/pkg/database/manager.go:98.2,98.21 1 1
github.com/HXLOS202653/ycg_cloud/cloud-backend/internal/pkg/database/manager.go:98.21,99.42 1 0
github.com/HXLOS202653/ycg_cloud/cloud-backend/internal/pkg/database/manager.go:99.42,101.4 1 0
github.com/HXLOS202653/ycg_cloud/cloud-backend/internal/pkg/database/manager.go:104.2,104.21 1 1
github.com/HXLOS202653/ycg_cloud/cloud-backend/internal/pkg/database/manager.go:104.21,106.3 1 0
github.com/HXLOS202653/ycg_cloud/cloud-backend/internal/pkg/database/manager.go:108.2,109.12 2 1
github.com/HXLOS202653/ycg_cloud/cloud-backend/internal/pkg/database/manager.go:113.40,117.21 2 1
github.com/HXLOS202653/ycg_cloud/cloud-backend/internal/pkg/database/manager.go:117.21,119.3 1 1
github.com/HXLOS202653/ycg_cloud/cloud-backend/internal/pkg/database/manager.go:120.2,120.42 1 0
github.com/HXLOS202653/ycg_cloud/cloud-backend/internal/pkg/database/manager.go:120.42,122.3 1 0
github.com/HXLOS202653/ycg_cloud/cloud-backend/internal/pkg/database/manager.go:125.2,125.23 1 0
github.com/HXLOS202653/ycg_cloud/cloud-backend/internal/pkg/database/manager.go:125.23,127.3 1 0
github.com/HXLOS202653/ycg_cloud/cloud-backend/internal/pkg/database/manager.go:128.2,128.44 1 0
github.com/HXLOS202653/ycg_cloud/cloud-backend/internal/pkg/database/manager.go:128.44,130.3 1 0
github.com/HXLOS202653/ycg_cloud/cloud-backend/internal/pkg/database/manager.go:133.2,133.21 1 0
github.com/HXLOS202653/ycg_cloud/cloud-backend/internal/pkg/database/manager.go:133.21,135.3 1 0
github.com/HXLOS202653/ycg_cloud/cloud-backend/internal/pkg/database/manager.go:136.2,136.42 1 0
github.com/HXLOS202653/ycg_cloud/cloud-backend/internal/pkg/database/manager.go:136.42,138.3 1 0
github.com/HXLOS202653/ycg_cloud/cloud-backend/internal/pkg/database/manager.go:140.2,141.12 2 0
github.com/HXLOS202653/ycg_cloud/cloud-backend/internal/pkg/database/manager.go:145.64,149.21 2 1
github.com/HXLOS202653/ycg_cloud/cloud-backend/internal/pkg/database/manager.go:149.21,151.3 1 0
github.com/HXLOS202653/ycg_cloud/cloud-backend/internal/pkg/database/manager.go:151.8,153.3 1 1
github.com/HXLOS202653/ycg_cloud/cloud-backend/internal/pkg/database/manager.go:156.2,156.21 1 1
github.com/HXLOS202653/ycg_cloud/cloud-backend/internal/pkg/database/manager.go:156.21,158.3 1 0
github.com/HXLOS202653/ycg_cloud/cloud-backend/internal/pkg/database/manager.go:158.8,160.3 1 1
github.com/HXLOS202653/ycg_cloud/cloud-backend/internal/pkg/database/manager.go:163.2,163.23 1 1
github.com/HXLOS202653/ycg_cloud/cloud-backend/internal/pkg/database/manager.go:163.23,168.3 1 0
github.com/HXLOS202653/ycg_cloud/cloud-backend/internal/pkg/database/manager.go:168.8,170.3 1 1
github.com/HXLOS202653/ycg_cloud/cloud-backend/internal/pkg/database/manager.go:172.2,172.14 1 1
github.com/HXLOS202653/ycg_cloud/cloud-backend/internal/pkg/database/manager.go:176.34,181.2 2 1
github.com/HXLOS202653/ycg_cloud/cloud-backend/internal/pkg/database/manager.go:184.53,196.2 5 1
github.com/HXLOS202653/ycg_cloud/cloud-backend/internal/pkg/database/mongodb.go:25.77,35.16 5 0
github.com/HXLOS202653/ycg_cloud/cloud-backend/internal/pkg/database/mongodb.go:35.16,37.3 1 0
github.com/HXLOS202653/ycg_cloud/cloud-backend/internal/pkg/database/mongodb.go:40.2,43.61 3 0
github.com/HXLOS202653/ycg_cloud/cloud-backend/internal/pkg/database/mongodb.go:43.61,45.3 1 0
github.com/HXLOS202653/ycg_cloud/cloud-backend/internal/pkg/database/mongodb.go:47.2,48.20 2 0
github.com/HXLOS202653/ycg_cloud/cloud-backend/internal/pkg/database/mongodb.go:52.76,56.46 2 0
github.com/HXLOS202653/ycg_cloud/cloud-backend/internal/pkg/database/mongodb.go:56.46,62.3 2 0
github.com/HXLOS202653/ycg_cloud/cloud-backend/internal/pkg/database/mongodb.go:65.2,65.28 1 0
github.com/HXLOS202653/ycg_cloud/cloud-backend/internal/pkg/database/mongodb.go:65.28,67.3 1 0
github.com/HXLOS202653/ycg_cloud/cloud-backend/internal/pkg/database/mongodb.go:68.2,68.27 1 0
github.com/HXLOS202653/ycg_cloud/cloud-backend/internal/pkg/database/mongodb.go:68.27,70.3 1 0
github.com/HXLOS202653/ycg_cloud/cloud-backend/internal/pkg/database/mongodb.go:71.2,71.30 1 0
github.com/HXLOS202653/ycg_cloud/cloud-backend/internal/pkg/database/mongodb.go:71.30,73.3 1 0
github.com/HXLOS202653/ycg_cloud/cloud-backend/internal/pkg/database/mongodb.go:76.2,76.25 1 0
github.com/HXLOS202653/ycg_cloud/cloud-backend/internal/pkg/database/mongodb.go:76.25,78.3 1 0
github.com/HXLOS202653/ycg_cloud/cloud-backend/internal/pkg/database/mongodb.go:79.2,79.25 1 0
github.com/HXLOS202653/ycg_cloud/cloud-backend/internal/pkg/database/mongodb.go:79.25,81.3 1 0
github.com/HXLOS202653/ycg_cloud/cloud-backend/internal/pkg/database/mongodb.go:82.2,82.27 1 0
github.com/HXLOS202653/ycg_cloud/cloud-backend/internal/pkg/database/mongodb.go:82.27,85.3 2 0
github.com/HXLOS202653/ycg_cloud/cloud-backend/internal/pkg/database/mongodb.go:88.2,94.22 4 0
github.com/HXLOS202653/ycg_cloud/cloud-backend/internal/pkg/database/mongodb.go:98.76,100.16 2 0
github.com/HXLOS202653/ycg_cloud/cloud-backend/internal/pkg/database/mongodb.go:100.16,102.3 1 0
github.com/HXLOS202653/ycg_cloud/cloud-backend/internal/pkg/database/mongodb.go:104.2,110.8 2 0
github.com/HXLOS202653/ycg_cloud/cloud-backend/internal/pkg/database/mongodb.go:114.52,116.2 1 0
github.com/HXLOS202653/ycg_cloud/cloud-backend/internal/pkg/database/mongodb.go:119.56,121.2 1 0
github.com/HXLOS202653/ycg_cloud/cloud-backend/internal/pkg/database/mongodb.go:124.71,126.2 1 0
github.com/HXLOS202653/ycg_cloud/cloud-backend/internal/pkg/database/mongodb.go:129.40,133.2 3 0
github.com/HXLOS202653/ycg_cloud/cloud-backend/internal/pkg/database/mongodb.go:136.41,140.2 3 0
github.com/HXLOS202653/ycg_cloud/cloud-backend/internal/pkg/database/mongodb.go:156.72,158.2 1 0
github.com/HXLOS202653/ycg_cloud/cloud-backend/internal/pkg/database/mongodb.go:161.72,163.2 1 0
github.com/HXLOS202653/ycg_cloud/cloud-backend/internal/pkg/database/mongodb.go:166.72,168.2 1 0
github.com/HXLOS202653/ycg_cloud/cloud-backend/internal/pkg/database/mongodb.go:171.73,173.2 1 0
github.com/HXLOS202653/ycg_cloud/cloud-backend/internal/pkg/database/mongodb.go:176.71,178.2 1 0
github.com/HXLOS202653/ycg_cloud/cloud-backend/internal/pkg/database/mongodb.go:181.69,183.2 1 0
github.com/HXLOS202653/ycg_cloud/cloud-backend/internal/pkg/database/mysql.go:24.68,30.24 3 0
github.com/HXLOS202653/ycg_cloud/cloud-backend/internal/pkg/database/mysql.go:30.24,32.3 1 0
github.com/HXLOS202653/ycg_cloud/cloud-backend/internal/pkg/database/mysql.go:35.2,47.16 3 0
github.com/HXLOS202653/ycg_cloud/cloud-backend/internal/pkg/database/mysql.go:47.16,49.3 1 0
github.com/HXLOS202653/ycg_cloud/cloud-backend/internal/pkg/database/mysql.go:52.2,53.16 2 0
github.com/HXLOS202653/ycg_cloud/cloud-backend/internal/pkg/database/mysql.go:53.16,55.3 1 0
github.com/HXLOS202653/ycg_cloud/cloud-backend/internal/pkg/database/mysql.go:58.2,61.37 2 0
github.com/HXLOS202653/ycg_cloud/cloud-backend/internal/pkg/database/mysql.go:61.37,63.3 1 0
github.com/HXLOS202653/ycg_cloud/cloud-backend/internal/pkg/database/mysql.go:65.2,66.16 2 0
github.com/HXLOS202653/ycg_cloud/cloud-backend/internal/pkg/database/mysql.go:70.52,83.21 2 0
github.com/HXLOS202653/ycg_cloud/cloud-backend/internal/pkg/database/mysql.go:83.21,85.3 1 0
github.com/HXLOS202653/ycg_cloud/cloud-backend/internal/pkg/database/mysql.go:86.2,86.25 1 0
github.com/HXLOS202653/ycg_cloud/cloud-backend/internal/pkg/database/mysql.go:86.25,88.3 1 0
github.com/HXLOS202653/ycg_cloud/cloud-backend/internal/pkg/database/mysql.go:89.2,89.26 1 0
github.com/HXLOS202653/ycg_cloud/cloud-backend/internal/pkg/database/mysql.go:89.26,91.3 1 0
github.com/HXLOS202653/ycg_cloud/cloud-backend/internal/pkg/database/mysql.go:93.2,93.12 1 0
github.com/HXLOS202653/ycg_cloud/cloud-backend/internal/pkg/database/mysql.go:97.70,99.26 1 0
github.com/HXLOS202653/ycg_cloud/cloud-backend/internal/pkg/database/mysql.go:99.26,101.3 1 0
github.com/HXLOS202653/ycg_cloud/cloud-backend/internal/pkg/database/mysql.go:101.8,103.3 1 0
github.com/HXLOS202653/ycg_cloud/cloud-backend/internal/pkg/database/mysql.go:106.2,106.26 1 0
github.com/HXLOS202653/ycg_cloud/cloud-backend/internal/pkg/database/mysql.go:106.26,108.3 1 0
github.com/HXLOS202653/ycg_cloud/cloud-backend/internal/pkg/database/mysql.go:108.8,110.3 1 0
github.com/HXLOS202653/ycg_cloud/cloud-backend/internal/pkg/database/mysql.go:113.2,113.29 1 0
github.com/HXLOS202653/ycg_cloud/cloud-backend/internal/pkg/database/mysql.go:113.29,115.3 1 0
github.com/HXLOS202653/ycg_cloud/cloud-backend/internal/pkg/database/mysql.go:115.8,117.3 1 0
github.com/HXLOS202653/ycg_cloud/cloud-backend/internal/pkg/database/mysql.go:120.2,120.29 1 0
github.com/HXLOS202653/ycg_cloud/cloud-backend/internal/pkg/database/mysql.go:120.29,122.3 1 0
github.com/HXLOS202653/ycg_cloud/cloud-backend/internal/pkg/database/mysql.go:122.8,124.3 1 0
github.com/HXLOS202653/ycg_cloud/cloud-backend/internal/pkg/database/mysql.go:126.2,127.80 1 0
github.com/HXLOS202653/ycg_cloud/cloud-backend/internal/pkg/database/mysql.go:131.70,133.16 2 0
github.com/HXLOS202653/ycg_cloud/cloud-backend/internal/pkg/database/mysql.go:133.16,135.3 1 0
github.com/HXLOS202653/ycg_cloud/cloud-backend/internal/pkg/database/mysql.go:137.2,140.8 1 0
github.com/HXLOS202653/ycg_cloud/cloud-backend/internal/pkg/database/mysql.go:144.41,146.2 1 0
github.com/HXLOS202653/ycg_cloud/cloud-backend/internal/pkg/database/mysql.go:149.38,151.16 2 0
github.com/HXLOS202653/ycg_cloud/cloud-backend/internal/pkg/database/mysql.go:151.16,153.3 1 0
github.com/HXLOS202653/ycg_cloud/cloud-backend/internal/pkg/database/mysql.go:154.2,154.22 1 0
github.com/HXLOS202653/ycg_cloud/cloud-backend/internal/pkg/database/mysql.go:158.39,160.16 2 0
github.com/HXLOS202653/ycg_cloud/cloud-backend/internal/pkg/database/mysql.go:160.16,162.3 1 0
github.com/HXLOS202653/ycg_cloud/cloud-backend/internal/pkg/database/mysql.go:163.2,163.21 1 0
github.com/HXLOS202653/ycg_cloud/cloud-backend/internal/pkg/database/mysql.go:167.47,169.16 2 0
github.com/HXLOS202653/ycg_cloud/cloud-backend/internal/pkg/database/mysql.go:169.16,171.3 1 0
github.com/HXLOS202653/ycg_cloud/cloud-backend/internal/pkg/database/mysql.go:172.2,172.22 1 0
github.com/HXLOS202653/ycg_cloud/cloud-backend/internal/pkg/database/redis.go:22.73,34.16 6 0
github.com/HXLOS202653/ycg_cloud/cloud-backend/internal/pkg/database/redis.go:34.16,36.3 1 0
github.com/HXLOS202653/ycg_cloud/cloud-backend/internal/pkg/database/redis.go:38.2,39.20 2 0
github.com/HXLOS202653/ycg_cloud/cloud-backend/internal/pkg/database/redis.go:43.64,51.24 2 0
github.com/HXLOS202653/ycg_cloud/cloud-backend/internal/pkg/database/redis.go:51.24,53.3 1 0
github.com/HXLOS202653/ycg_cloud/cloud-backend/internal/pkg/database/redis.go:56.2,56.22 1 0
github.com/HXLOS202653/ycg_cloud/cloud-backend/internal/pkg/database/redis.go:56.22,58.3 1 0
github.com/HXLOS202653/ycg_cloud/cloud-backend/internal/pkg/database/redis.go:58.8,60.3 1 0
github.com/HXLOS202653/ycg_cloud/cloud-backend/internal/pkg/database/redis.go:62.2,62.26 1 0
github.com/HXLOS202653/ycg_cloud/cloud-backend/internal/pkg/database/redis.go:62.26,64.3 1 0
github.com/HXLOS202653/ycg_cloud/cloud-backend/internal/pkg/database/redis.go:64.8,66.3 1 0
github.com/HXLOS202653/ycg_cloud/cloud-backend/internal/pkg/database/redis.go:68.2,68.24 1 0
github.com/HXLOS202653/ycg_cloud/cloud-backend/internal/pkg/database/redis.go:68.24,70.3 1 0
github.com/HXLOS202653/ycg_cloud/cloud-backend/internal/pkg/database/redis.go:70.8,72.3 1 0
github.com/HXLOS202653/ycg_cloud/cloud-backend/internal/pkg/database/redis.go:74.2,74.25 1 0
github.com/HXLOS202653/ycg_cloud/cloud-backend/internal/pkg/database/redis.go:74.25,76.3 1 0
github.com/HXLOS202653/ycg_cloud/cloud-backend/internal/pkg/database/redis.go:76.8,78.3 1 0
github.com/HXLOS202653/ycg_cloud/cloud-backend/internal/pkg/database/redis.go:80.2,80.25 1 0
github.com/HXLOS202653/ycg_cloud/cloud-backend/internal/pkg/database/redis.go:80.25,82.3 1 0
github.com/HXLOS202653/ycg_cloud/cloud-backend/internal/pkg/database/redis.go:82.8,84.3 1 0
github.com/HXLOS202653/ycg_cloud/cloud-backend/internal/pkg/database/redis.go:86.2,86.27 1 0
github.com/HXLOS202653/ycg_cloud/cloud-backend/internal/pkg/database/redis.go:86.27,88.3 1 0
github.com/HXLOS202653/ycg_cloud/cloud-backend/internal/pkg/database/redis.go:88.8,90.3 1 0
github.com/HXLOS202653/ycg_cloud/cloud-backend/internal/pkg/database/redis.go:93.2,93.25 1 0
github.com/HXLOS202653/ycg_cloud/cloud-backend/internal/pkg/database/redis.go:93.25,95.3 1 0
github.com/HXLOS202653/ycg_cloud/cloud-backend/internal/pkg/database/redis.go:95.8,97.3 1 0
github.com/HXLOS202653/ycg_cloud/cloud-backend/internal/pkg/database/redis.go:99.2,99.25 1 0
github.com/HXLOS202653/ycg_cloud/cloud-backend/internal/pkg/database/redis.go:99.25,101.3 1 0
github.com/HXLOS202653/ycg_cloud/cloud-backend/internal/pkg/database/redis.go:101.8,103.3 1 0
github.com/HXLOS202653/ycg_cloud/cloud-backend/internal/pkg/database/redis.go:105.2,105.26 1 0
github.com/HXLOS202653/ycg_cloud/cloud-backend/internal/pkg/database/redis.go:105.26,107.3 1 0
github.com/HXLOS202653/ycg_cloud/cloud-backend/internal/pkg/database/redis.go:107.8,109.3 1 0
github.com/HXLOS202653/ycg_cloud/cloud-backend/internal/pkg/database/redis.go:111.2,114.16 2 0
github.com/HXLOS202653/ycg_cloud/cloud-backend/internal/pkg/database/redis.go:118.70,120.16 2 0
github.com/HXLOS202653/ycg_cloud/cloud-backend/internal/pkg/database/redis.go:120.16,122.3 1 0
github.com/HXLOS202653/ycg_cloud/cloud-backend/internal/pkg/database/redis.go:124.2,127.8 1 0
github.com/HXLOS202653/ycg_cloud/cloud-backend/internal/pkg/database/redis.go:131.50,133.2 1 0
github.com/HXLOS202653/ycg_cloud/cloud-backend/internal/pkg/database/redis.go:136.38,138.2 1 0
github.com/HXLOS202653/ycg_cloud/cloud-backend/internal/pkg/database/redis.go:141.39,146.2 4 0
github.com/HXLOS202653/ycg_cloud/cloud-backend/internal/pkg/database/redis.go:149.52,151.2 1 0
github.com/HXLOS202653/ycg_cloud/cloud-backend/internal/pkg/database/redis.go:187.132,190.2 2 0
github.com/HXLOS202653/ycg_cloud/cloud-backend/internal/pkg/database/redis.go:193.91,196.2 2 0
github.com/HXLOS202653/ycg_cloud/cloud-backend/internal/pkg/database/redis.go:199.84,202.2 2 0
github.com/HXLOS202653/ycg_cloud/cloud-backend/internal/pkg/database/redis.go:205.132,208.2 2 0
github.com/HXLOS202653/ycg_cloud/cloud-backend/internal/pkg/database/redis.go:211.94,214.2 2 0
github.com/HXLOS202653/ycg_cloud/cloud-backend/internal/pkg/database/redis.go:217.113,220.2 2 0
github.com/HXLOS202653/ycg_cloud/cloud-backend/internal/pkg/database/redis.go:223.79,225.2 1 0
github.com/HXLOS202653/ycg_cloud/cloud-backend/internal/handler/health.go:22.80,27.2 1 5
github.com/HXLOS202653/ycg_cloud/cloud-backend/internal/handler/health.go:107.48,134.17 6 1
github.com/HXLOS202653/ycg_cloud/cloud-backend/internal/handler/health.go:134.17,142.3 4 1
github.com/HXLOS202653/ycg_cloud/cloud-backend/internal/handler/health.go:144.2,144.43 1 0
github.com/HXLOS202653/ycg_cloud/cloud-backend/internal/handler/health.go:144.43,152.3 4 0
github.com/HXLOS202653/ycg_cloud/cloud-backend/internal/handler/health.go:155.2,161.33 3 0
github.com/HXLOS202653/ycg_cloud/cloud-backend/internal/handler/health.go:171.52,176.2 1 1
github.com/HXLOS202653/ycg_cloud/cloud-backend/internal/handler/health.go:186.53,188.17 1 1
github.com/HXLOS202653/ycg_cloud/cloud-backend/internal/handler/health.go:188.17,195.3 2 1
github.com/HXLOS202653/ycg_cloud/cloud-backend/internal/handler/health.go:197.2,197.43 1 0
github.com/HXLOS202653/ycg_cloud/cloud-backend/internal/handler/health.go:197.43,204.3 2 0
github.com/HXLOS202653/ycg_cloud/cloud-backend/internal/handler/health.go:206.2,209.4 1 0
github.com/HXLOS202653/ycg_cloud/cloud-backend/internal/handler/health.go:219.49,240.17 6 1
github.com/HXLOS202653/ycg_cloud/cloud-backend/internal/handler/health.go:240.17,242.38 2 0
github.com/HXLOS202653/ycg_cloud/cloud-backend/internal/handler/health.go:242.38,244.4 1 0
github.com/HXLOS202653/ycg_cloud/cloud-backend/internal/handler/health.go:245.3,245.42 1 0
github.com/HXLOS202653/ycg_cloud/cloud-backend/internal/handler/health.go:245.42,247.4 1 0
github.com/HXLOS202653/ycg_cloud/cloud-backend/internal/handler/health.go:248.3,248.38 1 0
github.com/HXLOS202653/ycg_cloud/cloud-backend/internal/handler/health.go:248.38,250.4 1 0
github.com/HXLOS202653/ycg_cloud/cloud-backend/internal/handler/health.go:254.2,277.33 3 1
github.com/HXLOS202653/ycg_cloud/cloud-backend/internal/handler/system.go:22.80,27.2 1 6
github.com/HXLOS202653/ycg_cloud/cloud-backend/internal/handler/system.go:120.53,170.17 7 2
github.com/HXLOS202653/ycg_cloud/cloud-backend/internal/handler/system.go:170.17,172.3 1 0
github.com/HXLOS202653/ycg_cloud/cloud-backend/internal/handler/system.go:172.8,174.3 1 2
github.com/HXLOS202653/ycg_cloud/cloud-backend/internal/handler/system.go:177.2,200.17 3 2
github.com/HXLOS202653/ycg_cloud/cloud-backend/internal/handler/system.go:200.17,203.38 2 0
github.com/HXLOS202653/ycg_cloud/cloud-backend/internal/handler/system.go:203.38,205.4 1 0
github.com/HXLOS202653/ycg_cloud/cloud-backend/internal/handler/system.go:206.3,206.42 1 0
github.com/HXLOS202653/ycg_cloud/cloud-backend/internal/handler/system.go:206.42,208.4 1 0
github.com/HXLOS202653/ycg_cloud/cloud-backend/internal/handler/system.go:209.3,209.38 1 0
github.com/HXLOS202653/ycg_cloud/cloud-backend/internal/handler/system.go:209.38,211.4 1 0
github.com/HXLOS202653/ycg_cloud/cloud-backend/internal/handler/system.go:214.3,216.49 3 0
github.com/HXLOS202653/ycg_cloud/cloud-backend/internal/handler/system.go:219.2,226.33 2 2
github.com/HXLOS202653/ycg_cloud/cloud-backend/internal/handler/system.go:230.49,231.17 1 1
github.com/HXLOS202653/ycg_cloud/cloud-backend/internal/handler/system.go:231.17,233.3 1 1
github.com/HXLOS202653/ycg_cloud/cloud-backend/internal/handler/system.go:235.2,235.35 1 0
github.com/HXLOS202653/ycg_cloud/cloud-backend/internal/handler/system.go:239.51,240.17 1 1
github.com/HXLOS202653/ycg_cloud/cloud-backend/internal/handler/system.go:240.17,242.3 1 1
github.com/HXLOS202653/ycg_cloud/cloud-backend/internal/handler/system.go:244.2,244.37 1 0
github.com/HXLOS202653/ycg_cloud/cloud-backend/internal/handler/system.go:248.49,249.17 1 1
github.com/HXLOS202653/ycg_cloud/cloud-backend/internal/handler/system.go:249.17,251.3 1 1
github.com/HXLOS202653/ycg_cloud/cloud-backend/internal/handler/system.go:253.2,253.35 1 0
github.com/HXLOS202653/ycg_cloud/cloud-backend/internal/testutil/config.go:11.34,89.2 1 11
github.com/HXLOS202653/ycg_cloud/cloud-backend/internal/testutil/setup.go:104.38,180.2 1 0
github.com/HXLOS202653/ycg_cloud/cloud-backend/internal/testutil/setup.go:183.29,186.2 2 1
github.com/HXLOS202653/ycg_cloud/cloud-backend/internal/testutil/setup.go:189.31,192.2 2 0
github.com/HXLOS202653/ycg_cloud/cloud-backend/internal/testutil/setup.go:195.32,196.21 1 0
github.com/HXLOS202653/ycg_cloud/cloud-backend/internal/testutil/setup.go:196.21,198.3 1 0
github.com/HXLOS202653/ycg_cloud/cloud-backend/internal/testutil/setup.go:202.40,207.2 1 0
